[INFO ] 2022-04-08T09:07:06,503 [main] Starter - Starting Starter on bizqsofts-MacBook-Pro.local with PID 11261 (/Users/bizqsoft/Documents/project/corda/aws/d1/samples-java/project/blockchain/clients/build/classes/java/main started by bizqsoft in /Users/bizqsoft/Documents/project/corda/aws/d1/samples-java/project/blockchain/clients)
[INFO ] 2022-04-08T09:07:06,522 [main] Starter - No active profile set, falling back to default profiles: default
[INFO ] 2022-04-08T09:07:06,589 [main] AnnotationConfigServletWebServerApplicationContext - Refreshing org.springframework.boot.web.servlet.context.AnnotationConfigServletWebServerApplicationContext@492691d7: startup date [Fri Apr 08 16:07:06 ICT 2022]; root of context hierarchy
[INFO ] 2022-04-08T09:07:08,012 [main] TomcatWebServer - Tomcat initialized with port(s): 50005 (http)
[INFO ] 2022-04-08T09:07:08,033 [main] Http11NioProtocol - Initializing ProtocolHandler ["http-nio-50005"]
[INFO ] 2022-04-08T09:07:08,046 [main] StandardService - Starting service [Tomcat]
[INFO ] 2022-04-08T09:07:08,046 [main] StandardEngine - Starting Servlet Engine: Apache Tomcat/8.5.31
[INFO ] 2022-04-08T09:07:08,058 [localhost-startStop-1] AprLifecycleListener - The APR based Apache Tomcat Native library which allows optimal performance in production environments was not found on the java.library.path: [/Users/bizqsoft/Library/Java/Extensions:/Library/Java/Extensions:/Network/Library/Java/Extensions:/System/Library/Java/Extensions:/usr/lib/java:.]
[INFO ] 2022-04-08T09:07:08,233 [localhost-startStop-1] [/] - Initializing Spring embedded WebApplicationContext
[INFO ] 2022-04-08T09:07:08,234 [localhost-startStop-1] ContextLoader - Root WebApplicationContext: initialization completed in 1648 ms
[INFO ] 2022-04-08T09:07:08,475 [localhost-startStop-1] ServletRegistrationBean - Servlet dispatcherServlet mapped to [/]
[INFO ] 2022-04-08T09:07:08,480 [localhost-startStop-1] FilterRegistrationBean - Mapping filter: 'characterEncodingFilter' to: [/*]
[INFO ] 2022-04-08T09:07:08,481 [localhost-startStop-1] FilterRegistrationBean - Mapping filter: 'hiddenHttpMethodFilter' to: [/*]
[INFO ] 2022-04-08T09:07:08,481 [localhost-startStop-1] FilterRegistrationBean - Mapping filter: 'httpPutFormContentFilter' to: [/*]
[INFO ] 2022-04-08T09:07:08,481 [localhost-startStop-1] FilterRegistrationBean - Mapping filter: 'requestContextFilter' to: [/*]
[INFO ] 2022-04-08T09:07:12,179 [main] RPCClient - Startup took 1324 msec
[INFO ] 2022-04-08T09:07:12,899 [main] SimpleUrlHandlerMapping - Mapped URL path [/**/favicon.ico] onto handler of type [class org.springframework.web.servlet.resource.ResourceHttpRequestHandler]
[INFO ] 2022-04-08T09:07:13,111 [main] RequestMappingHandlerAdapter - Looking for @ControllerAdvice: org.springframework.boot.web.servlet.context.AnnotationConfigServletWebServerApplicationContext@492691d7: startup date [Fri Apr 08 16:07:06 ICT 2022]; root of context hierarchy
[INFO ] 2022-04-08T09:07:13,383 [main] RequestMappingHandlerMapping - Mapped "{[/addresses],methods=[GET],produces=[text/plain]}" onto private java.lang.String net.corda.project.mea.webserver.Controller.addresses()
[INFO ] 2022-04-08T09:07:13,388 [main] RequestMappingHandlerMapping - Mapped "{[/states],methods=[GET],produces=[text/plain]}" onto private java.lang.String net.corda.project.mea.webserver.Controller.states()
[INFO ] 2022-04-08T09:07:13,389 [main] RequestMappingHandlerMapping - Mapped "{[/status],methods=[GET],produces=[text/plain]}" onto private java.lang.String net.corda.project.mea.webserver.Controller.status()
[INFO ] 2022-04-08T09:07:13,389 [main] RequestMappingHandlerMapping - Mapped "{[/servertime],methods=[GET],produces=[text/plain]}" onto private java.lang.String net.corda.project.mea.webserver.Controller.serverTime()
[INFO ] 2022-04-08T09:07:13,390 [main] RequestMappingHandlerMapping - Mapped "{[/identities],methods=[GET],produces=[text/plain]}" onto private java.lang.String net.corda.project.mea.webserver.Controller.identities()
[INFO ] 2022-04-08T09:07:13,391 [main] RequestMappingHandlerMapping - Mapped "{[/platformversion],methods=[GET],produces=[text/plain]}" onto private java.lang.String net.corda.project.mea.webserver.Controller.platformVersion()
[INFO ] 2022-04-08T09:07:13,391 [main] RequestMappingHandlerMapping - Mapped "{[/peers],methods=[GET],produces=[application/json]}" onto public java.util.HashMap<java.lang.String, java.util.List<java.lang.String>> net.corda.project.mea.webserver.Controller.getPeers()
[INFO ] 2022-04-08T09:07:13,392 [main] RequestMappingHandlerMapping - Mapped "{[/notaries],methods=[GET],produces=[text/plain]}" onto private java.lang.String net.corda.project.mea.webserver.Controller.notaries()
[INFO ] 2022-04-08T09:07:13,392 [main] RequestMappingHandlerMapping - Mapped "{[/flows],methods=[GET],produces=[text/plain]}" onto private java.lang.String net.corda.project.mea.webserver.Controller.flows()
[INFO ] 2022-04-08T09:07:13,393 [main] RequestMappingHandlerMapping - Mapped "{[/me],methods=[GET],produces=[application/json]}" onto private java.util.HashMap<java.lang.String, java.lang.String> net.corda.project.mea.webserver.Controller.whoami()
[INFO ] 2022-04-08T09:07:13,394 [main] RequestMappingHandlerMapping - Mapped "{[/corda/real/all],methods=[GET],produces=[application/json]}" onto public java.util.List<net.corda.core.contracts.StateAndRef<net.corda.project.mea.states.realState>> net.corda.project.mea.webserver.Controller.getRealState()
[INFO ] 2022-04-08T09:07:13,396 [main] RequestMappingHandlerMapping - Mapped "{[/corda/real/pop],methods=[POST],consumes=[application/x-www-form-urlencoded],produces=[application/json]}" onto public org.springframework.http.ResponseEntity<java.util.List<net.corda.core.contracts.StateAndRef<net.corda.project.mea.states.realState>>> net.corda.project.mea.webserver.Controller.getRealPop(javax.servlet.http.HttpServletRequest)
[INFO ] 2022-04-08T09:07:13,398 [main] RequestMappingHandlerMapping - Mapped "{[/corda/real/push],methods=[POST],consumes=[application/x-www-form-urlencoded],produces=[application/json]}" onto public org.springframework.http.ResponseEntity<java.lang.String> net.corda.project.mea.webserver.Controller.getRealPush(javax.servlet.http.HttpServletRequest) throws java.lang.IllegalArgumentException
[INFO ] 2022-04-08T09:07:13,399 [main] RequestMappingHandlerMapping - Mapped "{[/corda/matching/all],methods=[GET],produces=[application/json]}" onto public java.util.List<net.corda.core.contracts.StateAndRef<net.corda.project.mea.states.matchState>> net.corda.project.mea.webserver.Controller.getMatchAll()
[INFO ] 2022-04-08T09:07:13,399 [main] RequestMappingHandlerMapping - Mapped "{[/corda/matching/pop],methods=[POST],consumes=[application/x-www-form-urlencoded],produces=[application/json]}" onto public org.springframework.http.ResponseEntity<java.util.List<net.corda.core.contracts.StateAndRef<net.corda.project.mea.states.matchState>>> net.corda.project.mea.webserver.Controller.getMatchingPop(javax.servlet.http.HttpServletRequest)
[INFO ] 2022-04-08T09:07:13,401 [main] RequestMappingHandlerMapping - Mapped "{[/corda/matching/push],methods=[POST],consumes=[application/x-www-form-urlencoded],produces=[application/json]}" onto public org.springframework.http.ResponseEntity<java.lang.String> net.corda.project.mea.webserver.Controller.getMatchingPush(javax.servlet.http.HttpServletRequest) throws java.lang.IllegalArgumentException
[INFO ] 2022-04-08T09:07:13,415 [main] RequestMappingHandlerMapping - Mapped "{[/error]}" onto public org.springframework.http.ResponseEntity<java.util.Map<java.lang.String, java.lang.Object>> org.springframework.boot.autoconfigure.web.servlet.error.BasicErrorController.error(javax.servlet.http.HttpServletRequest)
[INFO ] 2022-04-08T09:07:13,415 [main] RequestMappingHandlerMapping - Mapped "{[/error],produces=[text/html]}" onto public org.springframework.web.servlet.ModelAndView org.springframework.boot.autoconfigure.web.servlet.error.BasicErrorController.errorHtml(javax.servlet.http.HttpServletRequest,javax.servlet.http.HttpServletResponse)
[INFO ] 2022-04-08T09:07:13,447 [main] SimpleUrlHandlerMapping - Mapped URL path [/webjars/**] onto handler of type [class org.springframework.web.servlet.resource.ResourceHttpRequestHandler]
[INFO ] 2022-04-08T09:07:13,447 [main] SimpleUrlHandlerMapping - Mapped URL path [/**] onto handler of type [class org.springframework.web.servlet.resource.ResourceHttpRequestHandler]
[INFO ] 2022-04-08T09:07:13,549 [main] WelcomePageHandlerMapping - Adding welcome page: class path resource [static/index.html]
[INFO ] 2022-04-08T09:07:13,780 [main] AnnotationMBeanExporter - Registering beans for JMX exposure on startup
[INFO ] 2022-04-08T09:07:13,795 [main] Http11NioProtocol - Starting ProtocolHandler ["http-nio-50005"]
[INFO ] 2022-04-08T09:07:13,814 [main] NioSelectorPool - Using a shared selector for servlet write/read
[INFO ] 2022-04-08T09:07:13,833 [main] TomcatWebServer - Tomcat started on port(s): 50005 (http) with context path ''
[INFO ] 2022-04-08T09:07:13,837 [main] Starter - Started Starter in 8.447 seconds (JVM running for 9.492)
[INFO ] 2022-04-08T09:08:09,576 [Thread-3] AnnotationConfigServletWebServerApplicationContext - Closing org.springframework.boot.web.servlet.context.AnnotationConfigServletWebServerApplicationContext@492691d7: startup date [Fri Apr 08 16:07:06 ICT 2022]; root of context hierarchy
[INFO ] 2022-04-08T09:08:09,578 [Thread-3] AnnotationMBeanExporter - Unregistering JMX-exposed beans on shutdown
